do run
loading script "felix_analysis400_120.py"
loading script "felix_pump_ms.py"
loading script "felix_diode.py"
loading script "felix_pump_extraction_line.py"
testing...
no interpolation path defined
executed snippet estimated_duration=559.2304, duration=0.000268936157227
script duration name:analysis400_120 seconds:559.0
loading script "felix_analysis400_120.py"
loading script "felix_pump_ms.py"
loading script "felix_diode.py"
loading script "felix_pump_extraction_line.py"
testing...
no interpolation path defined
executed snippet estimated_duration=0, duration=2.8133392334e-05
loading script "felix_analysis400_120.py"
loading script "felix_pump_ms.py"
loading script "felix_diode.py"
loading script "felix_pump_extraction_line.py"
testing...
no interpolation path defined
calculate duration
testing...
no interpolation path defined
executed snippet estimated_duration=0, duration=9.20295715332e-05
calculate duration
testing...
no interpolation path defined
executed snippet estimated_duration=0, duration=2.47955322266e-05
calculate duration
testing...
no interpolation path defined
executed snippet estimated_duration=42.0, duration=0.000114917755127
executed snippet estimated_duration=42.0, duration=0.00354695320129
script duration name:diode seconds:42.0
loading script "felix_analysis400_120.py"
loading script "felix_pump_ms.py"
loading script "felix_diode.py"
loading script "felix_pump_extraction_line.py"
testing...
no interpolation path defined
calculate duration
testing...
no interpolation path defined
executed snippet estimated_duration=4.0, duration=0.000214099884033
executed snippet estimated_duration=4.0, duration=0.0014910697937
Script duration 601.0
Run total estimated duration= 602.000
run duration: 0:10:02
doing event level: 2
20:14:18 -- Setting default integration. t=1.048576
setting integration time = 1.048576
SetIntegrationTime 1.048576 ===>> OK
----------------- start -----------------
**************** Experiment Type: Ar/Ar, Ar/Ar
create new session 4748237904
close session 4748237904
$$$$$ Clearing conditionals
adding conditionals 
Add queue conditionals
adding queue conditionals from /Users/obama/PychronDev/queue_conditionals/normal.yaml
add default conditionals
adding default conditionals from /Users/obama/PychronDev/setupfiles/spectrometer/default_conditionals.yaml
Start automated run 65847-01B
loading script "felix_analysis400_120.py"
loading script "felix_pump_ms.py"
loading script "felix_diode.py"
loading script "felix_pump_extraction_line.py"
%%%%%%%%%%%%%%%%%% setting automated run 65847-01B
No value "sensitivity_multiplier" in metadata
$$$$$$$$$$$$$$$ auto_save_detector_ic=False
============================= Pre Extraction Check =============================
loading queue conditionals pre_run_terminations
queue conditionals path /Users/obama/PychronDev/queue_conditionals/normal.yaml
loading conditionals from /Users/obama/PychronDev/queue_conditionals/normal.yaml
loading system conditionals pre_run_terminations
loading conditionals from /Users/obama/PychronDev/setupfiles/spectrometer/default_conditionals.yaml
20:14:18 -- ******* Pre Extraction Check *******
Get a measurement from the spectrometer
Pre Extraction Termination data. keys=L2(CDD),H2,H1,AX,L1,L2, signals=0.00321,-0.15400,-0.08150,-0.16511,-0.27175,-0.39203
20:14:18 -- testing system defined conditionals
Checking default pre extraction terminations n=2
testing L2_CDD_
evaluate ot="L2(CDD).inactive" t="L2_CDD_", ctx="{'L2_CDD_': False}"
GetDeflection L2 (CDD) ===>> 0
testing L2_CDD_==3250
evaluate ot="L2(CDD).deflection==3250" t="L2_CDD_==3250", ctx="{'L2_CDD_': 0.0}"
20:14:18 -- ******* Pre Extraction Check Passed *******
=================================================================================
20:14:18 -- stopping status monitor
stop 4712135760
Status monitor stopped
Status monitor finished
20:14:23 -- starting status monitor
start 4712135760
StatusMonitor period=3. Frequencies(state=1, checksum=3, lock=5, owner=5)
start extraction
do extraction
Analysis started at 20:14:27.732600
Extraction Started felix_diode.py
20:14:27 -- ******* Extraction Started felix_diode.py *******
state changed from not run to extraction
DO EXTRACTION <pychron.extraction_line.pyscript_runner.RemotePyScriptRunner object at 0x11c4129b0>
testing...
no interpolation path defined
calculate duration
testing...
no interpolation path defined
executed snippet estimated_duration=0, duration=0.00012993812561
calculate duration
testing...
no interpolation path defined
executed snippet estimated_duration=0, duration=2.59876251221e-05
calculate duration
testing...
no interpolation path defined
executed snippet estimated_duration=42.0, duration=0.000104188919067
executed snippet estimated_duration=204.0, duration=0.00456500053406
Felix unknown laser analysis
set_motor ('beam', '3.0') {}
setting motor "beam" to 3.0
set motor beam to 3.0
SetMotor beam,3.0 ===>> OK
GetMotorMoving beam ===>> False
GetMotorMoving beam ===>> False
Block completed
doing GOSUB
testing...
no interpolation path defined
executed snippet estimated_duration=0, duration=0.000133991241455
Prepare for Diode Analysis
close () {'description': 'Felix Inlet'}
close name=--- desc=Felix Inlet
checking ownership. requestor=129.138.12.137
check software interlocks H
interlocks []
actuate state mode=None-script, software_lock=False
doing actuation None-script close_channel False
Close H ===>> OK
GetIndicatorState H ===>> False
change switch state (True, True)
update switch state H False args=() kw={} ncanvase=3
20:14:28 -- CLOSE  VALVE-H (Felix Inlet)
-------------------------- close None (Felix Inlet) result=[(True, True)]
action=close, ok=True, locked=[False]
open () {'description': 'Felix Ion Pump'}
open name=--- desc=Felix Ion Pump
checking ownership. requestor=129.138.12.137
check software interlocks V
interlocks []
actuate state mode=None-script, software_lock=False
doing actuation None-script open_channel False
Open V ===>> OK
GetIndicatorState V ===>> OK
change switch state (True, True)
update switch state V True args=() kw={} ncanvase=3
20:14:29 -- OPEN   VALVE-V (Felix Ion Pump)
-------------------------- open None (Felix Ion Pump) result=[(True, True)]
action=open, ok=True, locked=[False]
close () {'description': 'Bone to Minibone'}
close name=--- desc=Bone to Minibone
checking ownership. requestor=129.138.12.137
check software interlocks E
interlocks []
actuate state mode=None-script, software_lock=False
doing actuation None-script close_channel False
Close E ===>> OK
GetIndicatorState E ===>> False
change switch state (True, True)
update switch state E False args=() kw={} ncanvase=3
20:14:29 -- CLOSE  VALVE-E (Bone to Minibone)
-------------------------- close None (Bone to Minibone) result=[(True, True)]
action=close, ok=True, locked=[False]
open () {'description': 'Bone to Getter GP-50'}
open name=--- desc=Bone to Getter GP-50
checking ownership. requestor=129.138.12.137
check software interlocks N
interlocks []
actuate state mode=None-script, software_lock=False
doing actuation None-script open_channel False
Open N ===>> OK
GetIndicatorState N ===>> OK
change switch state (True, True)
update switch state N True args=() kw={} ncanvase=3
20:14:30 -- OPEN   VALVE-N (Bone to Getter GP-50)
-------------------------- open None (Bone to Getter GP-50) result=[(True, True)]
action=open, ok=True, locked=[False]
close () {'description': 'Bone to CO2 Laser'}
close name=--- desc=Bone to CO2 Laser
checking ownership. requestor=129.138.12.137
check software interlocks D
interlocks []
actuate state mode=None-script, software_lock=False
doing actuation None-script close_channel True
Close D ===>> OK
GetIndicatorState D ===>> False
change switch state (True, True)
update switch state D False args=() kw={} ncanvase=3
20:14:30 -- CLOSE  VALVE-D (Bone to CO2 Laser)
-------------------------- close None (Bone to CO2 Laser) result=[(True, True)]
action=close, ok=True, locked=[False]
open () {'description': 'Bone to Diode Laser'}
open name=--- desc=Bone to Diode Laser
checking ownership. requestor=129.138.12.137
check software interlocks B
interlocks []
actuate state mode=None-script, software_lock=False
doing actuation None-script open_channel False
Open B ===>> OK
GetIndicatorState B ===>> OK
change switch state (True, True)
update switch state B True args=() kw={} ncanvase=3
20:14:31 -- OPEN   VALVE-B (Bone to Diode Laser)
-------------------------- open None (Bone to Diode Laser) result=[(True, True)]
action=open, ok=True, locked=[False]
executed snippet estimated_duration=0, duration=2.57444691658
PrepareForDiodeAnalysis.py completed successfully
gosub finished
doing GOSUB
testing...
no interpolation path defined
executed snippet estimated_duration=0, duration=4.10079956055e-05
Isolate coldfinger
close () {'name': 'B', 'description': 'Bone to Diode Laser'}
close name=B desc=Bone to Diode Laser
checking ownership. requestor=129.138.12.137
check software interlocks B
interlocks []
actuate state mode=None-script, software_lock=False
doing actuation None-script close_channel True
Close B ===>> OK
GetIndicatorState B ===>> False
change switch state (True, True)
update switch state B False args=() kw={} ncanvase=3
20:14:31 -- CLOSE  VALVE-B (Bone to Diode Laser)
-------------------------- close B (Bone to Diode Laser) result=[(True, True)]
action=close, ok=True, locked=[False]
executed snippet estimated_duration=0, duration=0.430035114288
IsolateDiodeColdfinger.py completed successfully
gosub finished
open () {'description': 'Bone to Turbo'}
open name=--- desc=Bone to Turbo
checking ownership. requestor=129.138.12.137
check software interlocks C
interlocks []
actuate state mode=None-script, software_lock=False
doing actuation None-script open_channel False
Open C ===>> OK
GetIndicatorState C ===>> OK
change switch state (True, True)
update switch state C True args=() kw={} ncanvase=3
20:14:31 -- OPEN   VALVE-C (Bone to Turbo)
-------------------------- open None (Bone to Turbo) result=[(True, True)]
action=open, ok=True, locked=[False]
Diodelaser enabled. Heating sample.
enable () {}
set extraction state FusionsDiode Enabled (False, 'red', 1.5)
enabling laser
Enable ===>> OK
move_to_position ('32',) {}
FusionsDiode move to position 32
sending GoToHole 32,True
GoToHole 32,True ===>> OK
GetDriveMoving ===>> False
GetDriveMoving ===>> False
Block completed
GetAutoCorrecting ===>> False
GetAutoCorrecting ===>> False
Block completed
update position
GetPosition ===>> 0.00000,-9.60120,4.00000
got position (0.0, -9.6012, 4.0)
move to position succeeded
BEGIN INTERVAL Interval 1 waiting for 40.0
block started
set extract to 0.8 (watts)
WaitControl setup for 40.0  
extract () {}
GetPosition ===>> 0.00000,-9.60120,4.00000
set extraction state FusionsDiode ON! 0.8(watts) (0.75, 'red', 1.5)
extract sample to 0.8 (watts)
set laser output
SetLaserOutput 0.8,watts ===>> OK
sleep (2,) {}
SLEEP 2.0
block started
WaitControl setup for 2.0  
Join finished
block finished. duration 2.02653598785
executing pattern diamond_37hole_3mmbeam.lp
execute_pattern ('diamond_37hole_3mmbeam.lp',) {}
executing pattern diamond_37hole_3mmbeam.lp
IsPatterning ===>> OK
IsPatterning ===>> OK
IsPatterning ===>> OK
IsPatterning ===>> OK
IsPatterning ===>> OK
IsPatterning ===>> OK
IsPatterning ===>> OK
IsPatterning ===>> OK
IsPatterning ===>> OK
IsPatterning ===>> OK
IsPatterning ===>> OK
IsPatterning ===>> OK
IsPatterning ===>> OK
IsPatterning ===>> OK
IsPatterning ===>> OK
IsPatterning ===>> OK
IsPatterning ===>> OK
IsPatterning ===>> OK
IsPatterning ===>> OK
IsPatterning ===>> OK
IsPatterning ===>> OK
IsPatterning ===>> OK
IsPatterning ===>> OK
IsPatterning ===>> OK
IsPatterning ===>> OK
IsPatterning ===>> OK
IsPatterning ===>> OK
IsPatterning ===>> OK
IsPatterning ===>> OK
IsPatterning ===>> OK
IsPatterning ===>> OK
IsPatterning ===>> OK
IsPatterning ===>> OK
IsPatterning ===>> OK
IsPatterning ===>> OK
IsPatterning ===>> OK
IsPatterning ===>> False
Join finished
block finished. duration 40.1106011868
Interval 1 finished
IsPatterning ===>> False
Block completed
COMPLETE INTERVAL waiting for Interval 1 to complete
Diode laser disabled.
disable () {}
%%%%%%%%%%%%%%%%%%%%%%%%%%%%%%%%%%% disable
set extraction state False (0.75, 'red', 1.5)
disabling laser
Disable ===>> OK
doing GOSUB
testing...
no interpolation path defined
executed snippet estimated_duration=42.0, duration=0.000166893005371
Equilibrate then isolate coldfinger
close () {'name': 'C', 'description': 'Bone to Turbo'}
close name=C desc=Bone to Turbo
checking ownership. requestor=129.138.12.137
check software interlocks C
interlocks []
actuate state mode=None-script, software_lock=False
doing actuation None-script close_channel True
Close C ===>> OK
set states for children of C. state=False
handle state [('C', False)]
update switch state C False args=() kw={'refresh': False} ncanvase=3
GetIndicatorState C ===>> False
change switch state (True, True)
refresh_canvas_needed fired
update switch state C False args=() kw={} ncanvase=3
20:15:16 -- CLOSE  VALVE-C (Bone to Turbo)
-------------------------- close C (Bone to Turbo) result=[(True, True)]
action=close, ok=True, locked=[False]
sleep (1,) {}
SLEEP 1.0
open () {'name': 'B', 'description': 'Bone to Diode Laser'}
open name=B desc=Bone to Diode Laser
checking ownership. requestor=129.138.12.137
check software interlocks B
interlocks []
actuate state mode=None-script, software_lock=False
doing actuation None-script open_channel True
Open B ===>> OK
GetIndicatorState B ===>> OK
change switch state (True, True)
update switch state B True args=() kw={} ncanvase=3
20:15:17 -- OPEN   VALVE-B (Bone to Diode Laser)
-------------------------- open B (Bone to Diode Laser) result=[(True, True)]
action=open, ok=True, locked=[False]
sleep (20,) {}
SLEEP 20.0
block started
WaitControl setup for 20.0  
Join finished
block finished. duration 20.0301980972
close () {'name': 'B', 'description': 'Bone to Diode Laser'}
close name=B desc=Bone to Diode Laser
checking ownership. requestor=129.138.12.137
check software interlocks B
interlocks []
actuate state mode=None-script, software_lock=False
doing actuation None-script close_channel True
Close B ===>> OK
GetIndicatorState B ===>> False
change switch state (True, True)
update switch state B False args=() kw={} ncanvase=3
20:15:37 -- CLOSE  VALVE-B (Bone to Diode Laser)
-------------------------- close B (Bone to Diode Laser) result=[(True, True)]
action=close, ok=True, locked=[False]
executed snippet estimated_duration=63.0, duration=22.267013073
EquilibrateThenIsolateDiodeColdfinger.py completed successfully
gosub finished
sleep (60.0,) {}
SLEEP 60.0
block started
WaitControl setup for 60.0  
Join finished
block finished. duration 60.1298751831
executed snippet estimated_duration=306.0, duration=130.478358984
felix_diode.py completed successfully
GetAchievedOutput ===>> No Response
Requested Output= 0.000
Achieved Output=  0.000
GetResponseBlob ===>> l[31][179]N[00][00][00][00]`I[227]=[00][00][250]D8[18][07]@[00][00][250]D[188][190][131]@[00][00]...
GetOutputBlob ===>> l[31][179]N[00][00][00][00]`I[227]=[206]%[141]A8[18][07]@[00][00][00][00][188][190][131]@[00][00]...
persistence save...
persistence save - db
AutomatedRunPersister post_extraction_save deprecated
persistence save - dvc
no extraction position for 32
not connected to db mysql://felixexp@129.138.12.160/labspy
Enviromentals: {'lab_humiditys': [{'device': 'EnvironmentalMonitor',
                    'name': 'Lab Hum.',
                    'pub_date': '2017-08-12T20:13:21',
                    'title': 'iServer Hum.',
                    'value': 56.3}],
 'lab_pneumatics': [{'device': 'AirPressure',
                     'name': 'Pressure',
                     'pub_date': '2017-08-12T20:15:44',
                     'title': None,
                     'value': 81.975},
                    {'device': 'AirPressure2',
                     'name': 'Pressure2',
                     'pub_date': '2017-08-12T20:16:16',
                     'title': None,
                     'value': 81.50896}],
 'lab_temperatures': [{'device': 'Coldfinger',
                       'name': 'ColdFinger Temp.',
                       'pub_date': '2017-08-12T19:59:12',
                       'title': None,
                       'value': -193.0},
                      {'device': 'EnvironmentalMonitor',
                       'name': 'Lab Temp.',
                       'pub_date': '2017-08-12T19:56:10',
                       'title': 'iServer Temp.',
                       'value': 75.0},
                      {'device': 'Chiller',
                       'name': 'Coolant Temp.',
                       'pub_date': '2017-08-12T20:15:12',
                       'title': None,
                       'value': 18.0}]}
Extraction Finished
20:16:40 -- ******* Extraction Finished *******
no overlap. not waiting for min ms pumptime
20:16:40 -- Sending spectrometer configuration
======== Sending configuration ========
SetZFocus 1.65 ===>> OK
SetHV 9900.0 ===>> OK
SetZSymmetry 3.35 ===>> OK
SetExtractionLens 63.57 ===>> OK
SetIonRepeller -5.15 ===>> OK
SetElectronEnergy 125.02 ===>> OK
SetYSymmetry 38.07 ===>> OK
send trap current 250.0
GetParameter Trap Current Readback ===>> 248.494964292254
SetParameter Trap Current Set,250.0 ===>> OK
updating mftable name argon
Using mftable located at /Users/obama/PychronDev/setupfiles/spectrometer/mftables/argon.csv
============ MFtable ===========
Isotope  H2     H1     AX     L1     L2     L2(CDD)
Ar40     3.7657 3.8409 3.9190 4.0004 4.1081 4.0937
Ar39     3.6913 3.7657 3.8421 3.9249 4.0274 4.0126
Ar36     3.4649 3.4174 3.6065 3.6824 3.7910 3.7655
================================
get initial guess parabolic
get initial guess parabolic
get initial guess parabolic
get initial guess parabolic
get initial guess parabolic
get initial guess parabolic
======== Configuration Finished ========
GetYSymmetry ===>> 38.07
GetZSymmetry ===>> 3.35
GetParameter Trap Current Readback ===>> 248.047427211133
GetHighVoltage ===>> 9900
start measurement
do measurement
L#=65847 analysis type=unknown
Measurement Started felix_analysis400_120.py
20:16:40 -- ******* Measurement Started felix_analysis400_120.py *******
state changed from extraction to measurement
setting trap, emission, spec, defl, and gains
GetExtractionLens ===>> 63.57
GetYSymmetry ===>> 38.07
GetZSymmetry ===>> 3.35
GetZFocus ===>> 1.65
GetDeflection H2 (CDD) ===>> 3250
GetDeflection H1 (CDD) ===>> 3250
GetDeflection AX (CDD) ===>> 3250
GetDeflection L1 (CDD) ===>> 3250
GetDeflection L2 (CDD) ===>> 0
GetGain H2 ===>> 0.9809305
GetGain H1 ===>> 0.9706
GetGain AX ===>> 0.96269
GetGain L1 ===>> 0.970094835296087
GetGain L2 ===>> 0.967359864778375
GetGain H2(CDD) ===>> 0
GetGain H1(CDD) ===>> 0
GetGain AX(CDD) ===>> 0
GetGain L1(CDD) ===>> 0
GetGain L2(CDD) ===>> 0
GetParameter Trap Current Readback ===>> 247.935542940853
GetParameter Source Current Readback ===>> 889.630043337606
pre measurement save
New frame /Users/obama/PychronDev/data/isotopes/af/186cbb-5583-43b8-a29d-a22209ec85a2.h5
flush and close file /Users/obama/PychronDev/data/isotopes/af/186cbb-5583-43b8-a29d-a22209ec85a2.h5
testing...
no interpolation path defined
executed snippet estimated_duration=585.2304, duration=0.000292062759399
unknown measurement script
activate_detectors ('H2', 'H1', 'AX', 'L1', 'L2(CDD)') {}
activate detectors
*************** Set Analysis View Ar/Ar
create graphs
clearing graphs
clear isotope group
setting isotope det=H2, iso=Ar40
setting isotope det=H1, iso=Ar39
setting isotope det=AX, iso=Ar38
setting isotope det=L1, iso=Ar37
setting isotope det=L2(CDD), iso=Ar36
setting previous blanks
 - setting Ar40 blank 0.294+/-0.018
 - setting Ar36 blank 0.00461+/-0.00021
 - setting Ar37 blank -0.029+/-0.012
 - setting Ar38 blank 0.015+/-0.014
 - setting Ar39 blank 0.060+/-0.026
load analysis view
position_magnet ('Ar40',) {'detector': 'H2'}
detector Detector(H2)
POSITION Ar40 H2
setting detector H2 to Ar40 (39.9624)
setting detector H1 to Ar39 (38.8624)
setting detector AX to Ar38 (37.9624)
setting detector L1 to Ar37 (36.9624)
setting detector L2 to Ar36 (35.8624)
setting detector H2(CDD) to Ar40 (39.8624)
setting detector H1(CDD) to Ar39 (38.8624)
setting detector AX(CDD) to Ar38 (37.8624)
setting detector L1(CDD) to Ar37 (36.8624)
setting detector L2(CDD) to Ar36 (35.9624)
Mapping mass to dac mass func: "parabolic"
H2 map mass coeffs = [ -2.56720193e-04   9.47812314e-02   3.87954975e-01]
H2 map mass to dac 39.9624 >> 3.76566
GetHighVoltage ===>> 9900
positioning Ar40 (3.76566) on H2
setting magnet DAC
current  : 3.765656
requested: 3.765660
Delta Dac: 0.000004
Checking detector protection. dv=0.00000
SetMagnetDAC 3.76566 ===>> OK
Magnet settling time: 0.500 0.500
Magnet settling complete
set_dac. change=True
equilibrate () {'delay': 3, 'inlet': 'H', 'outlet': 'V', 'eqtime': 25.0}
Equilibration Started
20:16:41 -- ******* Equilibration Started *******
checking ownership. requestor=129.138.12.137
check software interlocks V
interlocks []
actuate state mode=None-script, software_lock=False
doing actuation None-script close_channel True
Close V ===>> OK
update labels <pychron.experiment.plot_panel.PlotPanel object at 0x149852f50>
update labels "<pychron.graph.stacked_regression_graph.StackedRegressionGraph object at 0x16833e890>"
setting label 0 H2 Ar40
setting label 1 H1 Ar39
setting label 2 AX Ar38
setting label 3 L1 Ar37
setting label 4 L2(CDD) Ar36
update labels "<pychron.graph.stacked_graph.StackedGraph object at 0x13cc17530>"
setting label 0 H2 Ar40
setting label 1 H1 Ar39
setting label 2 AX Ar38
setting label 3 L1 Ar37
setting label 4 L2(CDD) Ar36
GetIndicatorState V ===>> False
change switch state (True, True)
update switch state V False args=() kw={} ncanvase=3
20:16:41 -- CLOSE  VALVE-V (Felix Ion Pump)
waiting 3s before opening inlet value ('H',)
checking ownership. requestor=129.138.12.137
check software interlocks H
interlocks []
actuate state mode=None-script, software_lock=False
doing actuation None-script open_channel True
Open H ===>> OK
GetIndicatorState H ===>> OK
change switch state (True, True)
update switch state H True args=() kw={} ncanvase=3
20:16:45 -- OPEN   VALVE-H (Felix Inlet)
set_time_zero () {}
equilibrating for 25.0sec
sniff (25.0,) {}
py_sniff
build tables- sniff [Detector(H2), Detector(H1), Detector(AX), Detector(L1), Detector(L2(CDD))]
add group /sniff/Ar40 (Group) u'' table H2
add group /sniff/Ar39 (Group) u'' table H1
add group /sniff/Ar38 (Group) u'' table AX
add group /sniff/Ar37 (Group) u'' table L1
add group /sniff/Ar36 (Group) u'' table L2(CDD)
flush and close file /Users/obama/PychronDev/data/isotopes/af/186cbb-5583-43b8-a29d-a22209ec85a2.h5
measuring sniff. ncounts=25.0
"sniff" increment series count="1" fit count="0" regressing="False"
starting measurement
Equilibration Finished
20:17:10 -- ******* Equilibration Finished *******
checking ownership. requestor=129.138.12.137
check software interlocks H
interlocks []
actuate state mode=None-script, software_lock=False
doing actuation None-script close_channel True
Close H ===>> OK
GetIndicatorState H ===>> False
change switch state (True, True)
update switch state H False args=() kw={} ncanvase=3
20:17:10 -- CLOSE  VALVE-H (Felix Inlet)
Post Equilibration Started felix_pump_extraction_line.py
20:17:10 -- ******* Post Equilibration Started felix_pump_extraction_line.py *******
testing...
no interpolation path defined
calculate duration
testing...
no interpolation path defined
executed snippet estimated_duration=4.0, duration=0.00026798248291
executed snippet estimated_duration=4.0, duration=0.00289607048035
Pump after analysis
doing GOSUB
testing...
no interpolation path defined
executed snippet estimated_duration=4.0, duration=0.000241994857788
Pump Bone
close () {'description': 'Felix Inlet'}
close name=--- desc=Felix Inlet
checking ownership. requestor=129.138.12.137
check software interlocks H
interlocks []
actuate state mode=None-script, software_lock=False
doing actuation None-script close_channel False
Close H ===>> OK
GetIndicatorState H ===>> False
change switch state (True, True)
update switch state H False args=() kw={} ncanvase=3
20:17:10 -- CLOSE  VALVE-H (Felix Inlet)
-------------------------- close None (Felix Inlet) result=[(True, True)]
action=close, ok=True, locked=[False]
is_closed ('A',) {}
is A () closed?
is closed False
close () {'description': 'CO2 Laser to Bone'}
close name=--- desc=CO2 Laser to Bone
checking ownership. requestor=129.138.12.137
check software interlocks F
interlocks []
actuate state mode=None-script, software_lock=True
VALVE-F(CO2 Laser to Bone) software locked
change switch state (True, False)
-------------------------- close None (CO2 Laser to Bone) result=[(True, False)]
action=close, ok=True, locked=[True]
sleep (1,) {}
SLEEP 1.0
20:17:10 -- collecting point 25
close () {'description': 'CO2 Laser to Roughing'}
close name=--- desc=CO2 Laser to Roughing
checking ownership. requestor=129.138.12.137
check software interlocks G
interlocks []
actuate state mode=None-script, software_lock=True
VALVE-G(CO2 Laser to Roughing) software locked
change switch state (True, False)
-------------------------- close None (CO2 Laser to Roughing) result=[(True, False)]
action=close, ok=True, locked=[True]
open () {'description': 'Bone to Turbo'}
open name=--- desc=Bone to Turbo
checking ownership. requestor=129.138.12.137
check software interlocks C
interlocks []
actuate state mode=None-script, software_lock=False
doing actuation None-script open_channel True
Open C ===>> OK
waiting for write to finish
measurement finished
estimated time: 26.214 actual time: :26.327
flush and close file /Users/obama/PychronDev/data/isotopes/af/186cbb-5583-43b8-a29d-a22209ec85a2.h5
set_fits () {}
GetIndicatorState C ===>> OK
using default fits file=/Users/obama/PychronDev/scripts/measurement/fits/nominal.yaml
change switch state (True, True)
update switch state C True args=() kw={} ncanvase=3
set "Ar40" to "('Parabolic', 'SEM')"
set "Ar36" to "('Parabolic', 'SEM')"
set "Ar37" to "('linear', 'SEM')"
set "Ar38" to "('linear', 'SEM')"
set "Ar39" to "('Parabolic', 'SEM')"
set_baseline_fits () {}
using default fits file=/Users/obama/PychronDev/scripts/measurement/fits/nominal.yaml
20:17:12 -- OPEN   VALVE-C (Bone to Turbo)
-------------------------- open None (Bone to Turbo) result=[(True, True)]
set "H2" to "('average', 'SEM')"
set "L2(CDD)" to "('average', 'SEM')"
set "L1" to "('average', 'SEM')"
set "AX" to "('average', 'SEM')"
set "H1" to "('average', 'SEM')"
multicollect () {'integration_time': 1.048576, 'ncounts': 400}
build tables- signal [Detector(H2), Detector(H1), Detector(AX), Detector(L1), Detector(L2(CDD))]
add group /signal/Ar40 (Group) u'' table H2
add group /signal/Ar39 (Group) u'' table H1
add group /signal/Ar38 (Group) u'' table AX
add group /signal/Ar37 (Group) u'' table L1
add group /signal/Ar36 (Group) u'' table L2(CDD)
flush and close file /Users/obama/PychronDev/data/isotopes/af/186cbb-5583-43b8-a29d-a22209ec85a2.h5
measuring signal. ncounts=400
"signal" increment series count="2" fit count="1" regressing="True"
action=open, ok=True, locked=[False]
open () {'description': 'Bone to Getter GP-50'}
open name=--- desc=Bone to Getter GP-50
checking ownership. requestor=129.138.12.137
check software interlocks N
interlocks []
actuate state mode=None-script, software_lock=False
doing actuation None-script open_channel False
Open N ===>> OK
GetIndicatorState N ===>> OK
change switch state (True, True)
update switch state N True args=() kw={} ncanvase=3
20:17:12 -- OPEN   VALVE-N (Bone to Getter GP-50)
-------------------------- open None (Bone to Getter GP-50) result=[(True, True)]
starting measurement
action=open, ok=True, locked=[False]
open () {'description': 'Bone to Diode Laser'}
open name=--- desc=Bone to Diode Laser
checking ownership. requestor=129.138.12.137
check software interlocks B
interlocks []
actuate state mode=None-script, software_lock=False
doing actuation None-script open_channel True
Open B ===>> OK
GetIndicatorState B ===>> OK
change switch state (True, True)
update switch state B True args=() kw={} ncanvase=3
20:17:13 -- OPEN   VALVE-B (Bone to Diode Laser)
-------------------------- open None (Bone to Diode Laser) result=[(True, True)]
action=open, ok=True, locked=[False]
open () {'description': 'Bone to CO2 Laser'}
open name=--- desc=Bone to CO2 Laser
checking ownership. requestor=129.138.12.137
check software interlocks D
interlocks []
actuate state mode=None-script, software_lock=False
doing actuation None-script open_channel True
Open D ===>> OK
set states for children of D. state=True
handle state [('D', True)]
update switch state D True args=() kw={'refresh': False} ncanvase=3
GetIndicatorState D ===>> OK
change switch state (True, True)
refresh_canvas_needed fired
update switch state D True args=() kw={} ncanvase=3
20:17:13 -- OPEN   VALVE-D (Bone to CO2 Laser)
-------------------------- open None (Bone to CO2 Laser) result=[(True, True)]
action=open, ok=True, locked=[False]
sleep (1,) {}
SLEEP 1.0
set_resource () {'name': 'CO2PumpTimeFlag', 'value': 30}
Set CO2PumpTimeFlag 30 ===>> OK
release ('FelixCO2Flag',) {}
release FelixCO2Flag
Set FelixCO2Flag 0 ===>> OK
executed snippet estimated_duration=6.0, duration=4.35369086266
PumpBone.py completed successfully
gosub finished
get_resource_value () {'name': 'FelixMiniboneFlag'}
Read FelixMiniboneFlag ===>> 0
Get Resource Value FelixMiniboneFlag=0.0
executed snippet estimated_duration=4.0, duration=4.36165499687
felix_pump_extraction_line.py completed successfully
Post Equilibration Finished
20:17:14 -- ******* Post Equilibration Finished *******
GetDeflection L2 (CDD) ===>> 0
testing L2_CDD_==3250
evaluate ot="L2(CDD).deflection==3250" t="L2_CDD_==3250", ctx="{'L2_CDD_': 0.0}"
GetDeflection L2 (CDD) ===>> 0
testing L2_CDD_==3250
evaluate ot="L2(CDD).deflection==3250" t="L2_CDD_==3250", ctx="{'L2_CDD_': 0.0}"
20:17:37 -- collecting point 25
GetDeflection L2 (CDD) ===>> 0
testing L2_CDD_==3250
evaluate ot="L2(CDD).deflection==3250" t="L2_CDD_==3250", ctx="{'L2_CDD_': 0.0}"
GetDeflection L2 (CDD) ===>> 0
testing L2_CDD_==3250
evaluate ot="L2(CDD).deflection==3250" t="L2_CDD_==3250", ctx="{'L2_CDD_': 0.0}"
20:18:04 -- collecting point 50
GetDeflection L2 (CDD) ===>> 0
testing L2_CDD_==3250
evaluate ot="L2(CDD).deflection==3250" t="L2_CDD_==3250", ctx="{'L2_CDD_': 0.0}"
GetDeflection L2 (CDD) ===>> 0
testing L2_CDD_==3250
evaluate ot="L2(CDD).deflection==3250" t="L2_CDD_==3250", ctx="{'L2_CDD_': 0.0}"
GetDeflection L2 (CDD) ===>> 0
testing L2_CDD_==3250
evaluate ot="L2(CDD).deflection==3250" t="L2_CDD_==3250", ctx="{'L2_CDD_': 0.0}"
20:18:30 -- collecting point 75
GetDeflection L2 (CDD) ===>> 0
testing L2_CDD_==3250
evaluate ot="L2(CDD).deflection==3250" t="L2_CDD_==3250", ctx="{'L2_CDD_': 0.0}"
GetDeflection L2 (CDD) ===>> 0
testing L2_CDD_==3250
evaluate ot="L2(CDD).deflection==3250" t="L2_CDD_==3250", ctx="{'L2_CDD_': 0.0}"
20:18:56 -- collecting point 100
GetDeflection L2 (CDD) ===>> 0
testing L2_CDD_==3250
evaluate ot="L2(CDD).deflection==3250" t="L2_CDD_==3250", ctx="{'L2_CDD_': 0.0}"
GetDeflection L2 (CDD) ===>> 0
testing L2_CDD_==3250
evaluate ot="L2(CDD).deflection==3250" t="L2_CDD_==3250", ctx="{'L2_CDD_': 0.0}"
GetDeflection L2 (CDD) ===>> 0
testing L2_CDD_==3250
evaluate ot="L2(CDD).deflection==3250" t="L2_CDD_==3250", ctx="{'L2_CDD_': 0.0}"
20:19:22 -- collecting point 125
GetDeflection L2 (CDD) ===>> 0
testing L2_CDD_==3250
evaluate ot="L2(CDD).deflection==3250" t="L2_CDD_==3250", ctx="{'L2_CDD_': 0.0}"
GetDeflection L2 (CDD) ===>> 0
testing L2_CDD_==3250
evaluate ot="L2(CDD).deflection==3250" t="L2_CDD_==3250", ctx="{'L2_CDD_': 0.0}"
20:19:49 -- collecting point 150
GetDeflection L2 (CDD) ===>> 0
testing L2_CDD_==3250
evaluate ot="L2(CDD).deflection==3250" t="L2_CDD_==3250", ctx="{'L2_CDD_': 0.0}"
GetDeflection L2 (CDD) ===>> 0
testing L2_CDD_==3250
evaluate ot="L2(CDD).deflection==3250" t="L2_CDD_==3250", ctx="{'L2_CDD_': 0.0}"
GetDeflection L2 (CDD) ===>> 0
testing L2_CDD_==3250
evaluate ot="L2(CDD).deflection==3250" t="L2_CDD_==3250", ctx="{'L2_CDD_': 0.0}"
20:20:15 -- collecting point 175
GetDeflection L2 (CDD) ===>> 0
testing L2_CDD_==3250
evaluate ot="L2(CDD).deflection==3250" t="L2_CDD_==3250", ctx="{'L2_CDD_': 0.0}"
GetDeflection L2 (CDD) ===>> 0
testing L2_CDD_==3250
evaluate ot="L2(CDD).deflection==3250" t="L2_CDD_==3250", ctx="{'L2_CDD_': 0.0}"
20:20:41 -- collecting point 200
GetDeflection L2 (CDD) ===>> 0
testing L2_CDD_==3250
evaluate ot="L2(CDD).deflection==3250" t="L2_CDD_==3250", ctx="{'L2_CDD_': 0.0}"
GetDeflection L2 (CDD) ===>> 0
testing L2_CDD_==3250
evaluate ot="L2(CDD).deflection==3250" t="L2_CDD_==3250", ctx="{'L2_CDD_': 0.0}"
GetDeflection L2 (CDD) ===>> 0
testing L2_CDD_==3250
evaluate ot="L2(CDD).deflection==3250" t="L2_CDD_==3250", ctx="{'L2_CDD_': 0.0}"
20:21:08 -- collecting point 225
GetDeflection L2 (CDD) ===>> 0
testing L2_CDD_==3250
evaluate ot="L2(CDD).deflection==3250" t="L2_CDD_==3250", ctx="{'L2_CDD_': 0.0}"
GetDeflection L2 (CDD) ===>> 0
testing L2_CDD_==3250
evaluate ot="L2(CDD).deflection==3250" t="L2_CDD_==3250", ctx="{'L2_CDD_': 0.0}"
20:21:34 -- collecting point 250
GetDeflection L2 (CDD) ===>> 0
testing L2_CDD_==3250
evaluate ot="L2(CDD).deflection==3250" t="L2_CDD_==3250", ctx="{'L2_CDD_': 0.0}"
GetDeflection L2 (CDD) ===>> 0
testing L2_CDD_==3250
evaluate ot="L2(CDD).deflection==3250" t="L2_CDD_==3250", ctx="{'L2_CDD_': 0.0}"
GetDeflection L2 (CDD) ===>> 0
testing L2_CDD_==3250
evaluate ot="L2(CDD).deflection==3250" t="L2_CDD_==3250", ctx="{'L2_CDD_': 0.0}"
20:22:00 -- collecting point 275
GetDeflection L2 (CDD) ===>> 0
testing L2_CDD_==3250
evaluate ot="L2(CDD).deflection==3250" t="L2_CDD_==3250", ctx="{'L2_CDD_': 0.0}"
GetDeflection L2 (CDD) ===>> 0
testing L2_CDD_==3250
evaluate ot="L2(CDD).deflection==3250" t="L2_CDD_==3250", ctx="{'L2_CDD_': 0.0}"
20:22:26 -- collecting point 300
GetDeflection L2 (CDD) ===>> 0
testing L2_CDD_==3250
evaluate ot="L2(CDD).deflection==3250" t="L2_CDD_==3250", ctx="{'L2_CDD_': 0.0}"
GetDeflection L2 (CDD) ===>> 0
testing L2_CDD_==3250
evaluate ot="L2(CDD).deflection==3250" t="L2_CDD_==3250", ctx="{'L2_CDD_': 0.0}"
GetDeflection L2 (CDD) ===>> 0
testing L2_CDD_==3250
evaluate ot="L2(CDD).deflection==3250" t="L2_CDD_==3250", ctx="{'L2_CDD_': 0.0}"
20:22:53 -- collecting point 325
GetDeflection L2 (CDD) ===>> 0
testing L2_CDD_==3250
evaluate ot="L2(CDD).deflection==3250" t="L2_CDD_==3250", ctx="{'L2_CDD_': 0.0}"
GetDeflection L2 (CDD) ===>> 0
testing L2_CDD_==3250
evaluate ot="L2(CDD).deflection==3250" t="L2_CDD_==3250", ctx="{'L2_CDD_': 0.0}"
20:23:19 -- collecting point 350
GetDeflection L2 (CDD) ===>> 0
testing L2_CDD_==3250
evaluate ot="L2(CDD).deflection==3250" t="L2_CDD_==3250", ctx="{'L2_CDD_': 0.0}"
GetDeflection L2 (CDD) ===>> 0
testing L2_CDD_==3250
evaluate ot="L2(CDD).deflection==3250" t="L2_CDD_==3250", ctx="{'L2_CDD_': 0.0}"
GetDeflection L2 (CDD) ===>> 0
testing L2_CDD_==3250
evaluate ot="L2(CDD).deflection==3250" t="L2_CDD_==3250", ctx="{'L2_CDD_': 0.0}"
20:23:45 -- collecting point 375
GetDeflection L2 (CDD) ===>> 0
testing L2_CDD_==3250
evaluate ot="L2(CDD).deflection==3250" t="L2_CDD_==3250", ctx="{'L2_CDD_': 0.0}"
GetDeflection L2 (CDD) ===>> 0
testing L2_CDD_==3250
evaluate ot="L2(CDD).deflection==3250" t="L2_CDD_==3250", ctx="{'L2_CDD_': 0.0}"
20:24:11 -- collecting point 400
waiting for write to finish
measurement finished
estimated time: 419.430 actual time: :420.288
flush and close file /Users/obama/PychronDev/data/isotopes/af/186cbb-5583-43b8-a29d-a22209ec85a2.h5
baselines () {'settling_time': 15.0, 'detector': 'H2', 'mass': 39.862, 'ncounts': 120}
%%%%%%%%%%%%%%%%%%%%%%%%%%%%%%%% Baseline
build tables- baseline [Detector(H2), Detector(H1), Detector(AX), Detector(L1), Detector(L2(CDD))]
add group baseline table H2
add group baseline table H1
add group baseline table AX
add group baseline table L1
add group baseline table L2(CDD)
flush and close file /Users/obama/PychronDev/data/isotopes/af/186cbb-5583-43b8-a29d-a22209ec85a2.h5
detector Detector(H2)
POSITION 39.862 H2
Mapping mass to dac mass func: "parabolic"
H2 map mass coeffs = [ -2.56720193e-04   9.47812314e-02   3.87954975e-01]
H2 map mass to dac 39.862 >> 3.75820141492
GetHighVoltage ===>> 9900
positioning 39.862 (3.75820141492) on H2
setting magnet DAC
current  : 3.765660
requested: 3.758201
Delta Dac: 0.007459
Checking detector protection. dv=0.00746
SetMagnetDAC 3.75820141492 ===>> OK
Magnet settling time: 0.500 0.500
Magnet settling complete
set_dac. change=True
Delaying 15.0s for detectors to settle
Join finished
measuring baseline. ncounts=120
"baseline" increment series count="2" fit count="1" regressing="True"
starting measurement
GetDeflection L2 (CDD) ===>> 0
testing L2_CDD_==3250
evaluate ot="L2(CDD).deflection==3250" t="L2_CDD_==3250", ctx="{'L2_CDD_': 0.0}"
GetDeflection L2 (CDD) ===>> 0
testing L2_CDD_==3250
evaluate ot="L2(CDD).deflection==3250" t="L2_CDD_==3250", ctx="{'L2_CDD_': 0.0}"
20:24:54 -- collecting point 25
GetDeflection L2 (CDD) ===>> 0
testing L2_CDD_==3250
evaluate ot="L2(CDD).deflection==3250" t="L2_CDD_==3250", ctx="{'L2_CDD_': 0.0}"
GetDeflection L2 (CDD) ===>> 0
testing L2_CDD_==3250
evaluate ot="L2(CDD).deflection==3250" t="L2_CDD_==3250", ctx="{'L2_CDD_': 0.0}"
20:25:20 -- collecting point 50
GetDeflection L2 (CDD) ===>> 0
testing L2_CDD_==3250
evaluate ot="L2(CDD).deflection==3250" t="L2_CDD_==3250", ctx="{'L2_CDD_': 0.0}"
GetDeflection L2 (CDD) ===>> 0
testing L2_CDD_==3250
evaluate ot="L2(CDD).deflection==3250" t="L2_CDD_==3250", ctx="{'L2_CDD_': 0.0}"
GetDeflection L2 (CDD) ===>> 0
testing L2_CDD_==3250
evaluate ot="L2(CDD).deflection==3250" t="L2_CDD_==3250", ctx="{'L2_CDD_': 0.0}"
20:25:46 -- collecting point 75
GetDeflection L2 (CDD) ===>> 0
testing L2_CDD_==3250
evaluate ot="L2(CDD).deflection==3250" t="L2_CDD_==3250", ctx="{'L2_CDD_': 0.0}"
GetDeflection L2 (CDD) ===>> 0
testing L2_CDD_==3250
evaluate ot="L2(CDD).deflection==3250" t="L2_CDD_==3250", ctx="{'L2_CDD_': 0.0}"
20:26:13 -- collecting point 100
GetDeflection L2 (CDD) ===>> 0
testing L2_CDD_==3250
evaluate ot="L2(CDD).deflection==3250" t="L2_CDD_==3250", ctx="{'L2_CDD_': 0.0}"
GetDeflection L2 (CDD) ===>> 0
testing L2_CDD_==3250
evaluate ot="L2(CDD).deflection==3250" t="L2_CDD_==3250", ctx="{'L2_CDD_': 0.0}"
waiting for write to finish
measurement finished
estimated time: 125.829 actual time: :126.184
flush and close file /Users/obama/PychronDev/data/isotopes/af/186cbb-5583-43b8-a29d-a22209ec85a2.h5
activate_detectors ('H1', 'L2(CDD)') {'peak_center': True}
peak_center () {'detector': 'H2', 'integration_time': 1.048576, 'isotope': 'Ar40'}
peak center: mean=16.3457597417 threshold=1.0
peak center started
setup peak center. detector=['H2', 'H1', 'L2(CDD)'], isotope=Ar40
VersionedUnpickler [<apptools.sweet_pickle.versioned_unpickler.VersionedUnpickler object at 0x1550e57d0>] using Updater [<apptools.sweet_pickle.updater.Updater object at 0x120073050>]
VersionedUnpickler [<apptools.sweet_pickle.versioned_unpickler.VersionedUnpickler object at 0x1550e57d0>] using Updater [<apptools.sweet_pickle.updater.Updater object at 0x120073050>]
VersionedUnpickler [<apptools.sweet_pickle.versioned_unpickler.VersionedUnpickler object at 0x13b7159b0>] using Updater [<apptools.sweet_pickle.updater.Updater object at 0x120073050>]
setting integration time = 0.524288
SetIntegrationTime 0.524288 ===>> OK
Mapping mass to dac mass func: "parabolic"
H2 map mass coeffs = [ -2.56720193e-04   9.47812314e-02   3.87954975e-01]
H2 map mass to dac 39.9624 >> 3.76566
GetHighVoltage ===>> 9900
do peak center. <pychron.spectrometer.jobs.peak_center.PeakCenter object at 0x124172fb0>
doing pc
starting peak center. center dac= 3.76566 step_width=0.0001
width = 0.0001
get scan parameters. half-width=0.002,window=0.002, i=0, scalar=1
Scan parameters center=3.76566 width=0.00400 (3.76366 - 3.76766)
Moving to starting dac 3.76366
setting magnet DAC
current  : 3.758201
requested: 3.763660
Delta Dac: 0.005459
Checking detector protection. dv=0.00546
SetMagnetDAC 3.76366 ===>> OK
Magnet settling time: 0.500 0.500
Magnet settling complete
set_dac. change=True
Wait until signal near baseline. tol= -0.00379710615172. timeout= 10
Peak center baseline intensity achieved
_do_sweep sm= 3.76366, em= 3.76766, stm= 0.0001
calculated step values: start=3.76366, end=3.76766, width=0.0001, nsteps=41.0
setting magnet DAC
current  : 3.763660
requested: 3.763660
Delta Dac: 0.000000
Checking detector protection. dv=0.00000
set_dac. change=False
setting magnet DAC
current  : 3.763660
requested: 3.763763
Delta Dac: 0.000103
Checking detector protection. dv=0.00010
Magnet settling time: 1.049 0.500
Magnet settling complete
set_dac. change=True
setting magnet DAC
current  : 3.763763
requested: 3.763865
Delta Dac: 0.000103
Checking detector protection. dv=0.00010
Magnet settling time: 1.049 0.500
Magnet settling complete
set_dac. change=True
setting magnet DAC
current  : 3.763865
requested: 3.763968
Delta Dac: 0.000103
Checking detector protection. dv=0.00010
Magnet settling time: 1.049 0.500
Magnet settling complete
set_dac. change=True
setting magnet DAC
current  : 3.763968
requested: 3.764070
Delta Dac: 0.000103
Checking detector protection. dv=0.00010
Magnet settling time: 1.049 0.500
Magnet settling complete
set_dac. change=True
setting magnet DAC
current  : 3.764070
requested: 3.764173
Delta Dac: 0.000103
Checking detector protection. dv=0.00010
Magnet settling time: 1.049 0.500
Magnet settling complete
set_dac. change=True
setting magnet DAC
current  : 3.764173
requested: 3.764275
Delta Dac: 0.000103
Checking detector protection. dv=0.00010
Magnet settling time: 1.049 0.500
Magnet settling complete
set_dac. change=True
setting magnet DAC
current  : 3.764275
requested: 3.764378
Delta Dac: 0.000103
Checking detector protection. dv=0.00010
Magnet settling time: 1.049 0.500
Magnet settling complete
set_dac. change=True
setting magnet DAC
current  : 3.764378
requested: 3.764481
Delta Dac: 0.000103
Checking detector protection. dv=0.00010
Magnet settling time: 1.049 0.500
Magnet settling complete
set_dac. change=True
setting magnet DAC
current  : 3.764481
requested: 3.764583
Delta Dac: 0.000103
Checking detector protection. dv=0.00010
Magnet settling time: 1.049 0.500
Magnet settling complete
set_dac. change=True
setting magnet DAC
current  : 3.764583
requested: 3.764686
Delta Dac: 0.000103
Checking detector protection. dv=0.00010
Magnet settling time: 1.049 0.500
Magnet settling complete
set_dac. change=True
setting magnet DAC
current  : 3.764686
requested: 3.764788
Delta Dac: 0.000103
Checking detector protection. dv=0.00010
Magnet settling time: 1.049 0.500
Magnet settling complete
set_dac. change=True
setting magnet DAC
current  : 3.764788
requested: 3.764891
Delta Dac: 0.000103
Checking detector protection. dv=0.00010
Magnet settling time: 1.049 0.500
Magnet settling complete
set_dac. change=True
setting magnet DAC
current  : 3.764891
requested: 3.764993
Delta Dac: 0.000103
Checking detector protection. dv=0.00010
Magnet settling time: 1.049 0.500
Magnet settling complete
set_dac. change=True
setting magnet DAC
current  : 3.764993
requested: 3.765096
Delta Dac: 0.000103
Checking detector protection. dv=0.00010
Magnet settling time: 1.049 0.500
Magnet settling complete
set_dac. change=True
setting magnet DAC
current  : 3.765096
requested: 3.765198
Delta Dac: 0.000103
Checking detector protection. dv=0.00010
Magnet settling time: 1.049 0.500
Magnet settling complete
set_dac. change=True
setting magnet DAC
current  : 3.765198
requested: 3.765301
Delta Dac: 0.000103
Checking detector protection. dv=0.00010
Magnet settling time: 1.049 0.500
Magnet settling complete
set_dac. change=True
setting magnet DAC
current  : 3.765301
requested: 3.765404
Delta Dac: 0.000103
Checking detector protection. dv=0.00010
Magnet settling time: 1.049 0.500
Magnet settling complete
set_dac. change=True
setting magnet DAC
current  : 3.765404
requested: 3.765506
Delta Dac: 0.000103
Checking detector protection. dv=0.00010
Magnet settling time: 1.049 0.500
Magnet settling complete
set_dac. change=True
setting magnet DAC
current  : 3.765506
requested: 3.765609
Delta Dac: 0.000103
Checking detector protection. dv=0.00010
Magnet settling time: 1.049 0.500
Magnet settling complete
set_dac. change=True
setting magnet DAC
current  : 3.765609
requested: 3.765711
Delta Dac: 0.000103
Checking detector protection. dv=0.00010
Magnet settling time: 1.049 0.500
Magnet settling complete
set_dac. change=True
setting magnet DAC
current  : 3.765711
requested: 3.765814
Delta Dac: 0.000103
Checking detector protection. dv=0.00010
Magnet settling time: 1.049 0.500
Magnet settling complete
set_dac. change=True
setting magnet DAC
current  : 3.765814
requested: 3.765916
Delta Dac: 0.000103
Checking detector protection. dv=0.00010
Magnet settling time: 1.049 0.500
Magnet settling complete
set_dac. change=True
setting magnet DAC
current  : 3.765916
requested: 3.766019
Delta Dac: 0.000103
Checking detector protection. dv=0.00010
Magnet settling time: 1.049 0.500
Magnet settling complete
set_dac. change=True
setting magnet DAC
current  : 3.766019
requested: 3.766122
Delta Dac: 0.000103
Checking detector protection. dv=0.00010
Magnet settling time: 1.049 0.500
Magnet settling complete
set_dac. change=True
setting magnet DAC
current  : 3.766122
requested: 3.766224
Delta Dac: 0.000103
Checking detector protection. dv=0.00010
Magnet settling time: 1.049 0.500
Magnet settling complete
set_dac. change=True
setting magnet DAC
current  : 3.766224
requested: 3.766327
Delta Dac: 0.000103
Checking detector protection. dv=0.00010
Magnet settling time: 1.049 0.500
Magnet settling complete
set_dac. change=True
setting magnet DAC
current  : 3.766327
requested: 3.766429
Delta Dac: 0.000103
Checking detector protection. dv=0.00010
Magnet settling time: 1.049 0.500
Magnet settling complete
set_dac. change=True
setting magnet DAC
current  : 3.766429
requested: 3.766532
Delta Dac: 0.000103
Checking detector protection. dv=0.00010
Magnet settling time: 1.049 0.500
Magnet settling complete
set_dac. change=True
setting magnet DAC
current  : 3.766532
requested: 3.766634
Delta Dac: 0.000103
Checking detector protection. dv=0.00010
Magnet settling time: 1.049 0.500
Magnet settling complete
set_dac. change=True
setting magnet DAC
current  : 3.766634
requested: 3.766737
Delta Dac: 0.000103
Checking detector protection. dv=0.00010
Magnet settling time: 1.049 0.500
Magnet settling complete
set_dac. change=True
setting magnet DAC
current  : 3.766737
requested: 3.766839
Delta Dac: 0.000103
Checking detector protection. dv=0.00010
Magnet settling time: 1.049 0.500
Magnet settling complete
set_dac. change=True
setting magnet DAC
current  : 3.766839
requested: 3.766942
Delta Dac: 0.000103
Checking detector protection. dv=0.00010
Magnet settling time: 1.049 0.500
Magnet settling complete
set_dac. change=True
setting magnet DAC
current  : 3.766942
requested: 3.767045
Delta Dac: 0.000103
Checking detector protection. dv=0.00010
Magnet settling time: 1.049 0.500
Magnet settling complete
set_dac. change=True
setting magnet DAC
current  : 3.767045
requested: 3.767147
Delta Dac: 0.000103
Checking detector protection. dv=0.00010
Magnet settling time: 1.049 0.500
Magnet settling complete
set_dac. change=True
setting magnet DAC
current  : 3.767147
requested: 3.767250
Delta Dac: 0.000103
Checking detector protection. dv=0.00010
Magnet settling time: 1.049 0.500
Magnet settling complete
set_dac. change=True
setting magnet DAC
current  : 3.767250
requested: 3.767352
Delta Dac: 0.000103
Checking detector protection. dv=0.00010
Magnet settling time: 1.049 0.500
Magnet settling complete
set_dac. change=True
setting magnet DAC
current  : 3.767352
requested: 3.767455
Delta Dac: 0.000103
Checking detector protection. dv=0.00010
Magnet settling time: 1.049 0.500
Magnet settling complete
set_dac. change=True
setting magnet DAC
current  : 3.767455
requested: 3.767557
Delta Dac: 0.000103
Checking detector protection. dv=0.00010
Magnet settling time: 1.049 0.500
Magnet settling complete
set_dac. change=True
setting magnet DAC
current  : 3.767557
requested: 3.767660
Delta Dac: 0.000103
Checking detector protection. dv=0.00010
Magnet settling time: 1.049 0.500
Magnet settling complete
set_dac. change=True
result of _do_sweep=True
result of _calculate_peak_center=([3.7644255310621242, 3.7655878557114226, 3.7667501803607211], [13.127499225080367, 17.67497094910042, 13.137726226754147], 3.7663133066132266, 17.67497094910042)
Failed to find a valid peak. No peak greater than 1.0. max = 0.0531466987254
new center pos Detector(H2) (Ar40) @ 3.76558785571
GetHighVoltage ===>> 9900
dac uncorrected for HV and deflection 3.76558785571
update mftable H2 Ar40 3.76558785571 message=automated run peakcenter
get initial guess parabolic
get initial guess parabolic
get initial guess parabolic
get initial guess parabolic
get initial guess parabolic
get initial guess parabolic
dump mftable to /Users/obama/PychronDev/setupfiles/spectrometer/mftables/argon.csv
add to repo msg=modified - automated run peakcenter
sweep finished
locally archiving mftable
setting magnet DAC
current  : 3.767660
requested: 3.765588
Delta Dac: 0.002072
Checking detector protection. dv=0.00207
SetMagnetDAC 3.76558785571 ===>> OK
Magnet settling time: 0.500 0.500
Magnet settling complete
set_dac. change=True
setting integration time = 1.048576
SetIntegrationTime 1.048576 ===>> OK
Failed to find a valid peak. No peak greater than 1.0. max = 0.0531466987254
flush and close file /Users/obama/PychronDev/data/isotopes/af/186cbb-5583-43b8-a29d-a22209ec85a2.h5
finished measure script
executed snippet estimated_duration=585.2304, duration=647.321123838
felix_analysis400_120.py completed successfully
Measurement Finished
20:27:28 -- ******* Measurement Finished *******
Post Measurement Started felix_pump_ms.py
20:27:28 -- ******* Post Measurement Started felix_pump_ms.py *******
testing...
no interpolation path defined
executed snippet estimated_duration=0, duration=3.69548797607e-05
Pumping spectrometer
open () {'name': 'V'}
open name=V desc=---
checking ownership. requestor=129.138.12.137
check software interlocks V
interlocks []
actuate state mode=None-script, software_lock=False
doing actuation None-script open_channel True
Open V ===>> OK
GetIndicatorState V ===>> OK
change switch state (True, True)
update switch state V True args=() kw={} ncanvase=3
20:27:28 -- OPEN   VALVE-V (Felix Ion Pump)
-------------------------- open V () result=[(True, True)]
action=open, ok=True, locked=[False]
executed snippet estimated_duration=0, duration=0.368276834488
felix_pump_ms.py completed successfully
setting _ms_pumptime
Post Measurement Finished
20:27:28 -- ******* Post Measurement Finished *******
$$$$$$$$$$$$$$$$$$$$ state at run end measurement
state changed from measurement to success
post measurement save measured=True aborted=False
Set filtering
setting fod for Ar40= {'filter_outliers': True, 'std_devs': 2, 'iterations': 2}
setting fod for H2= {'filter_outliers': True, 'std_devs': 2, 'iterations': 1}
setting fod for Ar36= {'filter_outliers': True, 'std_devs': 2, 'iterations': 2}
setting fod for L2(CDD)= {'filter_outliers': True, 'std_devs': 2, 'iterations': 1}
setting fod for Ar37= {'filter_outliers': True, 'std_devs': 2, 'iterations': 2}
setting fod for L1= {'filter_outliers': True, 'std_devs': 2, 'iterations': 1}
setting fod for Ar38= {'filter_outliers': True, 'std_devs': 2, 'iterations': 2}
setting fod for AX= {'filter_outliers': True, 'std_devs': 2, 'iterations': 1}
setting fod for Ar39= {'filter_outliers': True, 'std_devs': 2, 'iterations': 2}
setting fod for H1= {'filter_outliers': True, 'std_devs': 2, 'iterations': 1}
not connected to db mysql://felixexp@129.138.12.160/labspy
Enviromentals: {'lab_humiditys': [{'device': 'EnvironmentalMonitor',
                    'name': 'Lab Hum.',
                    'pub_date': '2017-08-12T20:13:21',
                    'title': 'iServer Hum.',
                    'value': 56.3}],
 'lab_pneumatics': [{'device': 'AirPressure',
                     'name': 'Pressure',
                     'pub_date': '2017-08-12T20:25:47',
                     'title': None,
                     'value': 112.125},
                    {'device': 'AirPressure2',
                     'name': 'Pressure2',
                     'pub_date': '2017-08-12T20:26:19',
                     'title': None,
                     'value': 113.96242}],
 'lab_temperatures': [{'device': 'Coldfinger',
                       'name': 'ColdFinger Temp.',
                       'pub_date': '2017-08-12T19:59:12',
                       'title': None,
                       'value': -193.0},
                      {'device': 'EnvironmentalMonitor',
                       'name': 'Lab Temp.',
                       'pub_date': '2017-08-12T19:56:10',
                       'title': 'iServer Temp.',
                       'value': 75.0},
                      {'device': 'Chiller',
                       'name': 'Coolant Temp.',
                       'pub_date': '2017-08-12T20:20:12',
                       'title': None,
                       'value': 17.9444444444444}]}
persistence save...
persistence save - db
post measurement save
5527388816 connecting to database sqlite://@/
connected to db sqlite://@/
create new session 5527388816
close session 5527388816
No database instance. Not saving post measurement to isotopedb database
$$$$$$$$$$$$$$$ auto_save_detector_ic=False
massspec enabled True
create new session 4757875408
MassSpec Database Version: 16.0
close session 4757875408
saving post measurement to secondary database
saving to massspec database 129.138.12.160/massspecdata
setting labnumber to 65847
setting aliquot to 1
setting step to B
setting uuid to af186cbb-5583-43b8-a29d-a22209ec85a2
setting irradpos to 65847
setting extract_device to Fusions Diode
setting tray to 
setting position to 32
setting power_requested to 0.8
setting extract_value to 0.8
setting duration to 40.0
setting duration_at_request to 40.0
setting first_stage_delay to 40.0
setting cleanup to 60.0
setting comment to J:3 GMC, 13.71 mg
setting irradiation to NM-291
setting level to J
setting irradiation_level to J
setting sample to SUAH.BAS.1
setting material to Groundmass
setting project to IR983
setting mass_spectrometer to Felix
no attribute chron_dosages
no attribute production_ratios
no attribute interference_corrections
no attribute production_name
no attribute j
Reference Isotope=Ar40
Reference Detector=H2
%%%%%%%%%%%%%%%%%%%% Comment: J:3 GMC, 13.71 mg %%%%%%%%%%%%%%%%%%%
adding isotope Ar40 H2
add baseline dbdet= Ar40. original det= H2
get baseline data Ar40 H2
Get data baseline <pychron.processing.isotope.Baseline object at 0x135bcb150> len t=120
baseline Ar40. v=-0.0637807204206, e=0.00977967551892
get signal data Ar40 H2
Get data signal Ar40 13.756+/-0.018 len t=400
adding isotope Ar39 H1
add baseline dbdet= Ar39. original det= H1
get baseline data Ar39 H1
Get data baseline <pychron.processing.isotope.Baseline object at 0x135bcbd90> len t=120
baseline Ar39. v=-0.0461008069746, e=0.0119333166428
get signal data Ar39 H1
Get data signal Ar39 2.443+/-0.022 len t=400
adding isotope Ar38 AX
add baseline dbdet= Ar38. original det= AX
get baseline data Ar38 AX
Get data baseline <pychron.processing.isotope.Baseline object at 0x1265f8f50> len t=120
baseline Ar38. v=-0.131917480093, e=0.0115178368139
get signal data Ar38 AX
Get data signal Ar38 0.173+/-0.012 len t=400
adding isotope Ar37 L1
add baseline dbdet= Ar37. original det= L1
get baseline data Ar37 L1
Get data baseline <pychron.processing.isotope.Baseline object at 0x1265f8d90> len t=120
baseline Ar37. v=-0.228203685892, e=0.00864404216648
get signal data Ar37 L1
Get data signal Ar37 1.021+/-0.012 len t=400
adding isotope Ar36 L2(CDD)
add baseline dbdet= Ar36. original det= L2(CDD)
get baseline data Ar36 L2(CDD)
Get data baseline <pychron.processing.isotope.Baseline object at 0x1265f8990> len t=120
baseline Ar36. v=0.0, e=0.0
get signal data Ar36 L2(CDD)
Get data signal Ar36 0.0449+/-0.0005 len t=400
65847-01B added analysis time 0.516247987747s
analysis added to mass spec database
mass spec save time= 0.527
persistence save - dvc
================= post measurement started
create new session 4711723952
close session 4711723952
---------------- Experiment Queue saving disabled
DVC saving peakcenter
Failed to find a valid peak. No peak greater than 1.0. max = 0.0531466987254
Smart pull ahead: 0 behind: 0
Up-to-date with origin
add to repo msg=modified - 44c6f8761147de90179e8a3952e48831c78a9a46.json
add to repo msg=modified - 47-01B.json
add to repo msg=modified - 47-01B.dat.json
add to repo msg=modified - 47-01B.blan.json
add to repo msg=modified - 47-01B.inte.json
add to repo msg=modified - 47-01B.icfa.json
add to repo msg=modified - 47-01B.base.json
not at valid file /Users/obama/PychronDev/data/.dvc/repositories/IR983/658/tags/47-01B.tags.json
add to repo msg=modified - 47-01B.peak.json
add to repo msg=modified - 47-01B.extr.json
not at valid file /Users/obama/PychronDev/data/.dvc/repositories/IR983/658/monitor/47-01B.moni.json
commit message=<COLLECTION>
add to repo msg=modified - 47-01B.inte.json
add to repo msg=modified - 47-01B.base.json
commit message=<ISOEVO> default collection fits
add to repo msg=modified - 47-01B.blan.json
commit message=<BLANKS> preceding bc-02-F-575
add to repo msg=modified - 47-01B.icfa.json
commit message=<ICFactor> default
push repository <pychron.git_archive.repo_manager.GitRepoManager object at 0x12495b830>
pushing to remote=origin, url=https://github.com
no changes to meta repo
create new session 4711723952
add association IR983
get identifier "65847"
setting analysis irradiation position=<pychron.dvc.dvc_orm.IrradiationPositionTbl object at 0x16089e290>
close session 4711723952
================= post measurement finished
20:27:44 -- ******* Post Run Check *******
loading queue conditionals post_run_actions
queue conditionals path /Users/obama/PychronDev/queue_conditionals/normal.yaml
loading conditionals from /Users/obama/PychronDev/queue_conditionals/normal.yaml
loading system conditionals post_run_actions
loading conditionals from /Users/obama/PychronDev/setupfiles/spectrometer/default_conditionals.yaml
loading queue conditionals post_run_terminations
queue conditionals path /Users/obama/PychronDev/queue_conditionals/normal.yaml
loading conditionals from /Users/obama/PychronDev/queue_conditionals/normal.yaml
loading system conditionals post_run_terminations
loading conditionals from /Users/obama/PychronDev/setupfiles/spectrometer/default_conditionals.yaml
Checking default post run terminations n=1
GetDeflection L2 (CDD) ===>> 0
testing L2_CDD_==3250
evaluate ot="L2(CDD).deflection==3250" t="L2_CDD_==3250", ctx="{'L2_CDD_': 0.0}"
20:27:44 -- ******* Post Run Check Passed *******
20:27:44 -- Automated run 65847-01B success duration: 806.071 s
----------------- finish -----------------
----------------- stop -----------------
retroactive repository identifiers disabled
finish run. runs completed=36
update duration runid=65847-01B, duration=806.071156025, md5=c717d2a8
loading script "felix_analysis400_120.py"
loading script "felix_pump_ms.py"
loading script "felix_diode.py"
loading script "felix_pump_extraction_line.py"
testing...
no interpolation path defined
executed snippet estimated_duration=559.2304, duration=0.000317096710205
script duration name:analysis400_120 seconds:559.0
loading script "felix_analysis400_120.py"
loading script "felix_pump_ms.py"
loading script "felix_diode.py"
loading script "felix_pump_extraction_line.py"
testing...
no interpolation path defined
executed snippet estimated_duration=0, duration=4.29153442383e-05
loading script "felix_analysis400_120.py"
loading script "felix_pump_ms.py"
loading script "felix_diode.py"
loading script "felix_pump_extraction_line.py"
testing...
no interpolation path defined
calculate duration
testing...
no interpolation path defined
executed snippet estimated_duration=0, duration=0.00012993812561
calculate duration
testing...
no interpolation path defined
executed snippet estimated_duration=0, duration=3.00407409668e-05
calculate duration
testing...
no interpolation path defined
executed snippet estimated_duration=42.0, duration=0.000164985656738
executed snippet estimated_duration=42.0, duration=0.0102589130402
script duration name:diode seconds:42.0
loading script "felix_analysis400_120.py"
loading script "felix_pump_ms.py"
loading script "felix_diode.py"
loading script "felix_pump_extraction_line.py"
testing...
no interpolation path defined
calculate duration
testing...
no interpolation path defined
executed snippet estimated_duration=4.0, duration=0.000261068344116
executed snippet estimated_duration=4.0, duration=0.00872015953064
Script duration 601.0
Run total estimated duration= 602.000
analysis400_120 in script context. using previous estimated duration
script duration name:analysis400_120 seconds:559.0
pump_ms in script context. using previous estimated duration
diode in script context. using previous estimated duration
script duration name:diode seconds:42.0
pump_extraction_line in script context. using previous estimated duration
Script duration 601.0
Run total estimated duration= 602.000
script duration name:analysis400_120 seconds:559.0
script duration name:diode seconds:42.0
Script duration 601.0
Run total estimated duration= 602.000
script duration name:analysis400_120 seconds:559.0
script duration name:diode seconds:42.0
Script duration 601.0
Run total estimated duration= 602.000
script duration name:analysis400_120 seconds:559.0
script duration name:diode seconds:42.0
Script duration 601.0
Run total estimated duration= 602.000
loading script "felix_analysis400_120_CDD_center.py"
loading script "felix_pump_ms.py"
loading script "felix_air_x2.py"
loading script "felix_pump_extraction_line.py"
testing...
no interpolation path defined
executed snippet estimated_duration=559.2304, duration=0.000249147415161
script duration name:analysis400_120_CDD_center seconds:559.0
loading script "felix_analysis400_120_CDD_center.py"
loading script "felix_pump_ms.py"
loading script "felix_air_x2.py"
loading script "felix_pump_extraction_line.py"
testing...
no interpolation path defined
calculate duration
testing...
no interpolation path defined
executed snippet estimated_duration=0, duration=7.41481781006e-05
calculate duration
testing...
no interpolation path defined
executed snippet estimated_duration=0, duration=0.00018310546875
calculate duration
testing...
no interpolation path defined
executed snippet estimated_duration=32.0, duration=0.000164985656738
calculate duration
testing...
no interpolation path defined
executed snippet estimated_duration=34.0, duration=0.000194072723389
calculate duration
testing...
no interpolation path defined
executed snippet estimated_duration=2.0, duration=0.000117063522339
calculate duration
testing...
no interpolation path defined
executed snippet estimated_duration=34.0, duration=0.000138998031616
calculate duration
testing...
no interpolation path defined
executed snippet estimated_duration=34.0, duration=0.000163793563843
calculate duration
testing...
no interpolation path defined
executed snippet estimated_duration=34.0, duration=0.000126123428345
executed snippet estimated_duration=174.0, duration=0.0286388397217
script duration name:air_x2 seconds:174.0
Script duration 733.0
Run total estimated duration= 734.000
script duration name:analysis400_120 seconds:559.0
script duration name:diode seconds:42.0
Script duration 601.0
Run total estimated duration= 602.000
script duration name:analysis400_120 seconds:559.0
script duration name:diode seconds:42.0
Script duration 601.0
Run total estimated duration= 602.000
script duration name:analysis400_120 seconds:559.0
script duration name:diode seconds:42.0
Script duration 601.0
Run total estimated duration= 602.000
script duration name:analysis400_120 seconds:559.0
script duration name:diode seconds:42.0
Script duration 601.0
Run total estimated duration= 602.000
script duration name:analysis400_120 seconds:559.0
script duration name:diode seconds:42.0
Script duration 601.0
Run total estimated duration= 602.000
script duration name:analysis400_120 seconds:559.0
script duration name:diode seconds:42.0
Script duration 601.0
Run total estimated duration= 602.000
loading script "felix_analysis400_120 no center.py"
loading script "felix_pump_ms.py"
loading script "felix_diode.py"
loading script "felix_pump_extraction_line.py"
testing...
no interpolation path defined
executed snippet estimated_duration=559.2304, duration=0.000214099884033
script duration name:analysis400_120 no center seconds:559.0
script duration name:diode seconds:42.0
Script duration 601.0
Run total estimated duration= 602.000
analysis400_120_CDD_center in script context. using previous estimated duration
script duration name:analysis400_120_CDD_center seconds:559.0
air_x2 in script context. using previous estimated duration
script duration name:air_x2 seconds:174.0
Script duration 733.0
Run total estimated duration= 734.000
script duration name:analysis400_120_CDD_center seconds:559.0
loading script "felix_analysis400_120_CDD_center.py"
loading script "felix_air_x2.py"
loading script "felix_pump_extraction_line.py"
script duration name:air_x2 seconds:174.0
Script duration 733.0
Run total estimated duration= 734.000
loading script "felix_ic_peak_hop_no_equil_CDD_center.py"
loading script "felix_pump_ms.py"
loading script "felix_pump_extraction_line.py"
testing...
no interpolation path defined
executed snippet estimated_duration=73.4, duration=0.000730037689209
script duration name:ic_peak_hop_no_equil_CDD_center seconds:73.0
loading script "felix_ic_peak_hop_no_equil_CDD_center.py"
loading script "felix_pump_ms.py"
loading script "felix_pump_extraction_line.py"
Script duration 73.0
Run total estimated duration= 74.000
analysis400_120 no center in script context. using previous estimated duration
script duration name:analysis400_120 no center seconds:559.0
loading script "felix_analysis400_120 no center.py"
loading script "felix_pump_ms.py"
loading script "felix_cocktail_x3.py"
loading script "felix_pump_extraction_line.py"
testing...
no interpolation path defined
calculate duration
testing...
no interpolation path defined
executed snippet estimated_duration=0, duration=8.60691070557e-05
calculate duration
testing...
no interpolation path defined
executed snippet estimated_duration=0, duration=0.000203132629395
calculate duration
testing...
no interpolation path defined
executed snippet estimated_duration=32.0, duration=0.000137090682983
calculate duration
testing...
no interpolation path defined
executed snippet estimated_duration=34.0, duration=0.000191926956177
calculate duration
testing...
no interpolation path defined
executed snippet estimated_duration=2.0, duration=0.000102996826172
calculate duration
testing...
no interpolation path defined
executed snippet estimated_duration=34.0, duration=0.000157117843628
calculate duration
testing...
no interpolation path defined
executed snippet estimated_duration=34.0, duration=0.000195980072021
calculate duration
testing...
no interpolation path defined
executed snippet estimated_duration=34.0, duration=0.000117063522339
calculate duration
testing...
no interpolation path defined
executed snippet estimated_duration=34.0, duration=0.00016713142395
calculate duration
testing...
no interpolation path defined
executed snippet estimated_duration=34.0, duration=0.000123977661133
executed snippet estimated_duration=244.0, duration=0.0551130771637
script duration name:cocktail_x3 seconds:244.0
Script duration 803.0
Run total estimated duration= 804.000
script duration name:analysis400_120 no center seconds:559.0
cocktail_x3 in script context. using previous estimated duration
script duration name:cocktail_x3 seconds:244.0
Script duration 803.0
Run total estimated duration= 804.000
script duration name:analysis400_120 seconds:559.0
script duration name:diode seconds:42.0
Script duration 601.0
Run total estimated duration= 602.000
script duration name:analysis400_120 seconds:559.0
script duration name:diode seconds:42.0
Script duration 601.0
Run total estimated duration= 602.000
script duration name:analysis400_120 seconds:559.0
script duration name:diode seconds:42.0
Script duration 601.0
Run total estimated duration= 602.000
script duration name:analysis400_120 seconds:559.0
script duration name:diode seconds:42.0
Script duration 601.0
Run total estimated duration= 602.000
script duration name:analysis400_120 seconds:559.0
script duration name:diode seconds:42.0
Script duration 601.0
Run total estimated duration= 602.000
script duration name:analysis400_120 seconds:559.0
script duration name:diode seconds:42.0
Script duration 601.0
Run total estimated duration= 602.000
script duration name:analysis400_120 seconds:559.0
script duration name:diode seconds:42.0
Script duration 601.0
Run total estimated duration= 602.000
script duration name:analysis400_120_CDD_center seconds:559.0
script duration name:air_x2 seconds:174.0
Script duration 733.0
Run total estimated duration= 734.000
script duration name:analysis400_120 seconds:559.0
script duration name:diode seconds:42.0
Script duration 601.0
Run total estimated duration= 602.000
script duration name:analysis400_120 seconds:559.0
script duration name:diode seconds:42.0
Script duration 601.0
Run total estimated duration= 602.000
script duration name:analysis400_120 seconds:559.0
script duration name:diode seconds:42.0
Script duration 601.0
Run total estimated duration= 602.000
script duration name:analysis400_120 seconds:559.0
script duration name:diode seconds:42.0
Script duration 601.0
Run total estimated duration= 602.000
script duration name:analysis400_120 seconds:559.0
script duration name:diode seconds:42.0
Script duration 601.0
Run total estimated duration= 602.000
script duration name:analysis400_120 seconds:559.0
script duration name:diode seconds:42.0
Script duration 601.0
Run total estimated duration= 602.000
script duration name:analysis400_120 no center seconds:559.0
script duration name:diode seconds:42.0
Script duration 601.0
Run total estimated duration= 602.000
script duration name:analysis400_120_CDD_center seconds:559.0
script duration name:air_x2 seconds:174.0
Script duration 733.0
Run total estimated duration= 734.000
script duration name:analysis400_120_CDD_center seconds:559.0
loading script "felix_analysis400_120_CDD_center.py"
loading script "felix_air_x2.py"
loading script "felix_pump_extraction_line.py"
script duration name:air_x2 seconds:174.0
Script duration 733.0
Run total estimated duration= 734.000
ic_peak_hop_no_equil_CDD_center in script context. using previous estimated duration
script duration name:ic_peak_hop_no_equil_CDD_center seconds:73.0
loading script "felix_ic_peak_hop_no_equil_CDD_center.py"
loading script "felix_pump_ms.py"
loading script "felix_pump_extraction_line.py"
Script duration 73.0
Run total estimated duration= 74.000
script duration name:analysis400_120 no center seconds:559.0
script duration name:cocktail_x3 seconds:244.0
Script duration 803.0
Run total estimated duration= 804.000
script duration name:analysis400_120 no center seconds:559.0
script duration name:cocktail_x3 seconds:244.0
Script duration 803.0
Run total estimated duration= 804.000
script duration name:analysis400_120 seconds:559.0
script duration name:diode seconds:42.0
Script duration 601.0
Run total estimated duration= 602.000
script duration name:analysis400_120 seconds:559.0
script duration name:diode seconds:42.0
Script duration 601.0
Run total estimated duration= 602.000
script duration name:analysis400_120 no center seconds:559.0
script duration name:cocktail_x3 seconds:244.0
Script duration 803.0
Run total estimated duration= 804.000
script duration name:analysis400_120 seconds:559.0
script duration name:diode seconds:42.0
Script duration 601.0
Run total estimated duration= 602.000
script duration name:analysis400_120 seconds:559.0
script duration name:diode seconds:42.0
Script duration 601.0
Run total estimated duration= 602.000
script duration name:analysis400_120 seconds:559.0
script duration name:diode seconds:42.0
Script duration 601.0
Run total estimated duration= 602.000
script duration name:analysis400_120 seconds:559.0
script duration name:diode seconds:42.0
Script duration 601.0
Run total estimated duration= 602.000
script duration name:analysis400_120 seconds:559.0
script duration name:diode seconds:42.0
Script duration 601.0
Run total estimated duration= 602.000
script duration name:analysis400_120_CDD_center seconds:559.0
script duration name:air_x2 seconds:174.0
Script duration 733.0
Run total estimated duration= 734.000
script duration name:analysis400_120 seconds:559.0
script duration name:diode seconds:42.0
Script duration 601.0
Run total estimated duration= 602.000
script duration name:analysis400_120 seconds:559.0
script duration name:diode seconds:42.0
Script duration 601.0
Run total estimated duration= 602.000
script duration name:analysis400_120 seconds:559.0
script duration name:diode seconds:42.0
Script duration 601.0
Run total estimated duration= 602.000
script duration name:analysis400_120 seconds:559.0
script duration name:diode seconds:42.0
Script duration 601.0
Run total estimated duration= 602.000
script duration name:analysis400_120 seconds:559.0
script duration name:diode seconds:42.0
Script duration 601.0
Run total estimated duration= 602.000
script duration name:analysis400_120 seconds:559.0
script duration name:diode seconds:42.0
Script duration 601.0
Run total estimated duration= 602.000
script duration name:analysis400_120 no center seconds:559.0
script duration name:diode seconds:42.0
Script duration 601.0
Run total estimated duration= 602.000
script duration name:analysis400_120_CDD_center seconds:559.0
script duration name:air_x2 seconds:174.0
Script duration 733.0
Run total estimated duration= 734.000
script duration name:analysis400_120_CDD_center seconds:559.0
loading script "felix_analysis400_120_CDD_center.py"
loading script "felix_air_x2.py"
loading script "felix_pump_extraction_line.py"
script duration name:air_x2 seconds:174.0
Script duration 733.0
Run total estimated duration= 734.000
script duration name:ic_peak_hop_no_equil_CDD_center seconds:73.0
loading script "felix_ic_peak_hop_no_equil_CDD_center.py"
loading script "felix_pump_ms.py"
loading script "felix_pump_extraction_line.py"
Script duration 73.0
Run total estimated duration= 74.000
script duration name:analysis400_120 no center seconds:559.0
script duration name:cocktail_x3 seconds:244.0
Script duration 803.0
Run total estimated duration= 804.000
script duration name:analysis400_120 no center seconds:559.0
script duration name:cocktail_x3 seconds:244.0
Script duration 803.0
Run total estimated duration= 804.000
script duration name:analysis400_120 seconds:559.0
script duration name:diode seconds:42.0
Script duration 601.0
Run total estimated duration= 602.000
script duration name:analysis400_120 seconds:559.0
script duration name:diode seconds:42.0
Script duration 601.0
Run total estimated duration= 602.000
script duration name:analysis400_120 seconds:559.0
script duration name:diode seconds:42.0
Script duration 601.0
Run total estimated duration= 602.000
script duration name:analysis400_120 seconds:559.0
script duration name:diode seconds:42.0
Script duration 601.0
Run total estimated duration= 602.000
script duration name:analysis400_120 seconds:559.0
script duration name:diode seconds:42.0
Script duration 601.0
Run total estimated duration= 602.000
script duration name:analysis400_120 seconds:559.0
script duration name:diode seconds:42.0
Script duration 601.0
Run total estimated duration= 602.000
script duration name:analysis400_120 seconds:559.0
script duration name:diode seconds:42.0
Script duration 601.0
Run total estimated duration= 602.000
script duration name:analysis400_120_CDD_center seconds:559.0
script duration name:air_x2 seconds:174.0
Script duration 733.0
Run total estimated duration= 734.000
script duration name:analysis400_120 seconds:559.0
script duration name:diode seconds:42.0
Script duration 601.0
Run total estimated duration= 602.000
script duration name:analysis400_120 seconds:559.0
script duration name:diode seconds:42.0
Script duration 601.0
Run total estimated duration= 602.000
script duration name:analysis400_120 seconds:559.0
script duration name:diode seconds:42.0
Script duration 601.0
Run total estimated duration= 602.000
script duration name:analysis400_120 seconds:559.0
script duration name:diode seconds:42.0
Script duration 601.0
Run total estimated duration= 602.000
script duration name:analysis400_120 seconds:559.0
script duration name:diode seconds:42.0
Script duration 601.0
Run total estimated duration= 602.000
script duration name:analysis400_120 seconds:559.0
script duration name:diode seconds:42.0
Script duration 601.0
Run total estimated duration= 602.000
script duration name:analysis400_120 no center seconds:559.0
script duration name:diode seconds:42.0
Script duration 601.0
Run total estimated duration= 602.000
script duration name:analysis400_120_CDD_center seconds:559.0
script duration name:air_x2 seconds:174.0
Script duration 733.0
Run total estimated duration= 734.000
script duration name:analysis400_120_CDD_center seconds:559.0
loading script "felix_analysis400_120_CDD_center.py"
loading script "felix_air_x2.py"
loading script "felix_pump_extraction_line.py"
script duration name:air_x2 seconds:174.0
Script duration 733.0
Run total estimated duration= 734.000
script duration name:ic_peak_hop_no_equil_CDD_center seconds:73.0
loading script "felix_ic_peak_hop_no_equil_CDD_center.py"
loading script "felix_pump_ms.py"
loading script "felix_pump_extraction_line.py"
Script duration 73.0
Run total estimated duration= 74.000
script duration name:analysis400_120 no center seconds:559.0
script duration name:cocktail_x3 seconds:244.0
Script duration 803.0
Run total estimated duration= 804.000
script duration name:analysis400_120 no center seconds:559.0
script duration name:cocktail_x3 seconds:244.0
Script duration 803.0
Run total estimated duration= 804.000
nruns=79 before=5.0, run_dur=48848.0, btw=2870.0
write rem/ex queues
/Users/obama/PychronDev/experiments/rem/CurrentExperiment.rem.txt
/Users/obama/PychronDev/experiments/rem/CurrentExperiment.ex.txt
doing event level: 3
add run
